d:\ono\github\ソート\ソート\x64\debug\vc143.pdb
d:\ono\github\ソート\ソート\x64\debug\vc143.idb
d:\ono\github\ソート\ソート\x64\debug\main.obj
d:\ono\github\ソート\ソート\x64\debug\bubblesort.obj
d:\ono\github\ソート\ソート\x64\debug\selectionsort.obj
d:\ono\github\ソート\ソート\x64\debug\radixsort.obj
d:\ono\github\ソート\ソート\x64\debug\insertionsort.obj
d:\ono\github\ソート\ソート\x64\debug\ソート.ilk
d:\ono\github\ソート\x64\debug\ソート.pdb
d:\ono\github\ソート\ソート\x64\debug\ソート.tlog\cl.command.1.tlog
d:\ono\github\ソート\ソート\x64\debug\ソート.tlog\cl.items.tlog
d:\ono\github\ソート\ソート\x64\debug\ソート.tlog\cl.read.1.tlog
d:\ono\github\ソート\ソート\x64\debug\ソート.tlog\cl.write.1.tlog
d:\ono\github\ソート\ソート\x64\debug\ソート.tlog\link.16724-cvtres.read.1.tlog
d:\ono\github\ソート\ソート\x64\debug\ソート.tlog\link.16724-cvtres.write.1.tlog
d:\ono\github\ソート\ソート\x64\debug\ソート.tlog\link.16724-rc.read.1.tlog
d:\ono\github\ソート\ソート\x64\debug\ソート.tlog\link.16724-rc.write.1.tlog
d:\ono\github\ソート\ソート\x64\debug\ソート.tlog\link.16724.read.1.tlog
d:\ono\github\ソート\ソート\x64\debug\ソート.tlog\link.16724.read.2.tlog
d:\ono\github\ソート\ソート\x64\debug\ソート.tlog\link.16724.write.1.tlog
d:\ono\github\ソート\ソート\x64\debug\ソート.tlog\link.command.1.tlog
d:\ono\github\ソート\ソート\x64\debug\ソート.tlog\link.read.1.tlog
d:\ono\github\ソート\ソート\x64\debug\ソート.tlog\link.secondary.1.tlog
d:\ono\github\ソート\ソート\x64\debug\ソート.tlog\link.write.1.tlog
